┌ Info: Starting iteration | p = 1 | q = 1
└ @ Main c:\Users\GiovanniAmorim\Pessoal\Mestrado\MLUnderModernOpt\Aula1\lasso.jl:156
┌ Info: Iterating in lambda space: [0.001, 0.005, 0.01, 0.05, 0.1, 0.5, 1.0, 5.0, 10.0]
└ @ Main c:\Users\GiovanniAmorim\Pessoal\Mestrado\MLUnderModernOpt\Aula1\lasso.jl:109
┌ Info: λ = 0.001
└ @ Main c:\Users\GiovanniAmorim\Pessoal\Mestrado\MLUnderModernOpt\Aula1\lasso.jl:111
┌ Info: T_lasso(s) = 0.5487921
└ @ Main c:\Users\GiovanniAmorim\Pessoal\Mestrado\MLUnderModernOpt\Aula1\lasso.jl:127
┌ Info: T_lasso(s) = 0.3069355
└ @ Main c:\Users\GiovanniAmorim\Pessoal\Mestrado\MLUnderModernOpt\Aula1\lasso.jl:127
┌ Info: T_lasso(s) = 0.3132682
└ @ Main c:\Users\GiovanniAmorim\Pessoal\Mestrado\MLUnderModernOpt\Aula1\lasso.jl:127
┌ Info: T_lasso(s) = 0.2729416
└ @ Main c:\Users\GiovanniAmorim\Pessoal\Mestrado\MLUnderModernOpt\Aula1\lasso.jl:127
┌ Info: T_lasso(s) = 0.3333293
└ @ Main c:\Users\GiovanniAmorim\Pessoal\Mestrado\MLUnderModernOpt\Aula1\lasso.jl:127
┌ Info: Test error = 0.052
└ @ Main c:\Users\GiovanniAmorim\Pessoal\Mestrado\MLUnderModernOpt\Aula1\lasso.jl:142
┌ Info: λ = 0.005
└ @ Main c:\Users\GiovanniAmorim\Pessoal\Mestrado\MLUnderModernOpt\Aula1\lasso.jl:111
┌ Info: T_lasso(s) = 0.3024023
└ @ Main c:\Users\GiovanniAmorim\Pessoal\Mestrado\MLUnderModernOpt\Aula1\lasso.jl:127
┌ Info: T_lasso(s) = 0.3234346
└ @ Main c:\Users\GiovanniAmorim\Pessoal\Mestrado\MLUnderModernOpt\Aula1\lasso.jl:127
┌ Info: T_lasso(s) = 0.2876927
└ @ Main c:\Users\GiovanniAmorim\Pessoal\Mestrado\MLUnderModernOpt\Aula1\lasso.jl:127
┌ Info: T_lasso(s) = 0.2729045
└ @ Main c:\Users\GiovanniAmorim\Pessoal\Mestrado\MLUnderModernOpt\Aula1\lasso.jl:127
┌ Info: T_lasso(s) = 0.3020631
└ @ Main c:\Users\GiovanniAmorim\Pessoal\Mestrado\MLUnderModernOpt\Aula1\lasso.jl:127
┌ Info: Test error = 0.052
└ @ Main c:\Users\GiovanniAmorim\Pessoal\Mestrado\MLUnderModernOpt\Aula1\lasso.jl:142
┌ Info: λ = 0.01
└ @ Main c:\Users\GiovanniAmorim\Pessoal\Mestrado\MLUnderModernOpt\Aula1\lasso.jl:111
┌ Info: T_lasso(s) = 0.334313
└ @ Main c:\Users\GiovanniAmorim\Pessoal\Mestrado\MLUnderModernOpt\Aula1\lasso.jl:127
┌ Info: T_lasso(s) = 0.355236
└ @ Main c:\Users\GiovanniAmorim\Pessoal\Mestrado\MLUnderModernOpt\Aula1\lasso.jl:127
┌ Info: T_lasso(s) = 0.3199412
└ @ Main c:\Users\GiovanniAmorim\Pessoal\Mestrado\MLUnderModernOpt\Aula1\lasso.jl:127
┌ Info: T_lasso(s) = 0.3523109
└ @ Main c:\Users\GiovanniAmorim\Pessoal\Mestrado\MLUnderModernOpt\Aula1\lasso.jl:127
┌ Info: T_lasso(s) = 0.463512
└ @ Main c:\Users\GiovanniAmorim\Pessoal\Mestrado\MLUnderModernOpt\Aula1\lasso.jl:127
┌ Info: Test error = 0.052
└ @ Main c:\Users\GiovanniAmorim\Pessoal\Mestrado\MLUnderModernOpt\Aula1\lasso.jl:142
┌ Info: λ = 0.05
└ @ Main c:\Users\GiovanniAmorim\Pessoal\Mestrado\MLUnderModernOpt\Aula1\lasso.jl:111
┌ Info: T_lasso(s) = 0.3565452
└ @ Main c:\Users\GiovanniAmorim\Pessoal\Mestrado\MLUnderModernOpt\Aula1\lasso.jl:127
┌ Info: T_lasso(s) = 0.3848199
└ @ Main c:\Users\GiovanniAmorim\Pessoal\Mestrado\MLUnderModernOpt\Aula1\lasso.jl:127
┌ Info: T_lasso(s) = 0.2993375
└ @ Main c:\Users\GiovanniAmorim\Pessoal\Mestrado\MLUnderModernOpt\Aula1\lasso.jl:127
┌ Info: T_lasso(s) = 0.357365
└ @ Main c:\Users\GiovanniAmorim\Pessoal\Mestrado\MLUnderModernOpt\Aula1\lasso.jl:127
┌ Info: T_lasso(s) = 0.307946
└ @ Main c:\Users\GiovanniAmorim\Pessoal\Mestrado\MLUnderModernOpt\Aula1\lasso.jl:127
┌ Info: Test error = 0.0519
└ @ Main c:\Users\GiovanniAmorim\Pessoal\Mestrado\MLUnderModernOpt\Aula1\lasso.jl:142
┌ Info: λ = 0.1
└ @ Main c:\Users\GiovanniAmorim\Pessoal\Mestrado\MLUnderModernOpt\Aula1\lasso.jl:111
┌ Info: T_lasso(s) = 0.3351458
└ @ Main c:\Users\GiovanniAmorim\Pessoal\Mestrado\MLUnderModernOpt\Aula1\lasso.jl:127
┌ Info: T_lasso(s) = 0.3553458
└ @ Main c:\Users\GiovanniAmorim\Pessoal\Mestrado\MLUnderModernOpt\Aula1\lasso.jl:127
┌ Info: T_lasso(s) = 0.3068999
└ @ Main c:\Users\GiovanniAmorim\Pessoal\Mestrado\MLUnderModernOpt\Aula1\lasso.jl:127
┌ Info: T_lasso(s) = 0.3352495
└ @ Main c:\Users\GiovanniAmorim\Pessoal\Mestrado\MLUnderModernOpt\Aula1\lasso.jl:127
┌ Info: T_lasso(s) = 0.2965327
└ @ Main c:\Users\GiovanniAmorim\Pessoal\Mestrado\MLUnderModernOpt\Aula1\lasso.jl:127
┌ Info: Test error = 0.0519
└ @ Main c:\Users\GiovanniAmorim\Pessoal\Mestrado\MLUnderModernOpt\Aula1\lasso.jl:142
┌ Info: λ = 0.5
└ @ Main c:\Users\GiovanniAmorim\Pessoal\Mestrado\MLUnderModernOpt\Aula1\lasso.jl:111
┌ Info: T_lasso(s) = 0.3465823
└ @ Main c:\Users\GiovanniAmorim\Pessoal\Mestrado\MLUnderModernOpt\Aula1\lasso.jl:127
┌ Info: T_lasso(s) = 0.3184441
└ @ Main c:\Users\GiovanniAmorim\Pessoal\Mestrado\MLUnderModernOpt\Aula1\lasso.jl:127
┌ Info: T_lasso(s) = 0.317623
└ @ Main c:\Users\GiovanniAmorim\Pessoal\Mestrado\MLUnderModernOpt\Aula1\lasso.jl:127
┌ Info: T_lasso(s) = 0.3332099
└ @ Main c:\Users\GiovanniAmorim\Pessoal\Mestrado\MLUnderModernOpt\Aula1\lasso.jl:127
┌ Info: T_lasso(s) = 0.3171834
└ @ Main c:\Users\GiovanniAmorim\Pessoal\Mestrado\MLUnderModernOpt\Aula1\lasso.jl:127
┌ Info: Test error = 0.0519
└ @ Main c:\Users\GiovanniAmorim\Pessoal\Mestrado\MLUnderModernOpt\Aula1\lasso.jl:142
┌ Info: λ = 1.0
└ @ Main c:\Users\GiovanniAmorim\Pessoal\Mestrado\MLUnderModernOpt\Aula1\lasso.jl:111
┌ Info: T_lasso(s) = 0.3205677
└ @ Main c:\Users\GiovanniAmorim\Pessoal\Mestrado\MLUnderModernOpt\Aula1\lasso.jl:127
┌ Info: T_lasso(s) = 0.2788395
└ @ Main c:\Users\GiovanniAmorim\Pessoal\Mestrado\MLUnderModernOpt\Aula1\lasso.jl:127
┌ Info: T_lasso(s) = 0.3102523
└ @ Main c:\Users\GiovanniAmorim\Pessoal\Mestrado\MLUnderModernOpt\Aula1\lasso.jl:127
┌ Info: T_lasso(s) = 0.260057
└ @ Main c:\Users\GiovanniAmorim\Pessoal\Mestrado\MLUnderModernOpt\Aula1\lasso.jl:127
┌ Info: T_lasso(s) = 0.2913347
└ @ Main c:\Users\GiovanniAmorim\Pessoal\Mestrado\MLUnderModernOpt\Aula1\lasso.jl:127
┌ Info: Test error = 0.0519
└ @ Main c:\Users\GiovanniAmorim\Pessoal\Mestrado\MLUnderModernOpt\Aula1\lasso.jl:142
┌ Info: λ = 5.0
└ @ Main c:\Users\GiovanniAmorim\Pessoal\Mestrado\MLUnderModernOpt\Aula1\lasso.jl:111
┌ Info: T_lasso(s) = 0.3097721
└ @ Main c:\Users\GiovanniAmorim\Pessoal\Mestrado\MLUnderModernOpt\Aula1\lasso.jl:127
┌ Info: T_lasso(s) = 0.2757171
└ @ Main c:\Users\GiovanniAmorim\Pessoal\Mestrado\MLUnderModernOpt\Aula1\lasso.jl:127
┌ Info: T_lasso(s) = 0.3229143
└ @ Main c:\Users\GiovanniAmorim\Pessoal\Mestrado\MLUnderModernOpt\Aula1\lasso.jl:127
┌ Info: T_lasso(s) = 0.2688934
└ @ Main c:\Users\GiovanniAmorim\Pessoal\Mestrado\MLUnderModernOpt\Aula1\lasso.jl:127
┌ Info: T_lasso(s) = 0.3095765
└ @ Main c:\Users\GiovanniAmorim\Pessoal\Mestrado\MLUnderModernOpt\Aula1\lasso.jl:127
┌ Info: Test error = 0.0521
└ @ Main c:\Users\GiovanniAmorim\Pessoal\Mestrado\MLUnderModernOpt\Aula1\lasso.jl:142
┌ Info: λ = 10.0
└ @ Main c:\Users\GiovanniAmorim\Pessoal\Mestrado\MLUnderModernOpt\Aula1\lasso.jl:111
┌ Info: T_lasso(s) = 0.2666984
└ @ Main c:\Users\GiovanniAmorim\Pessoal\Mestrado\MLUnderModernOpt\Aula1\lasso.jl:127
┌ Info: T_lasso(s) = 0.2658206
└ @ Main c:\Users\GiovanniAmorim\Pessoal\Mestrado\MLUnderModernOpt\Aula1\lasso.jl:127
┌ Info: T_lasso(s) = 0.290492
└ @ Main c:\Users\GiovanniAmorim\Pessoal\Mestrado\MLUnderModernOpt\Aula1\lasso.jl:127
┌ Info: T_lasso(s) = 0.2608847
└ @ Main c:\Users\GiovanniAmorim\Pessoal\Mestrado\MLUnderModernOpt\Aula1\lasso.jl:127
┌ Info: T_lasso(s) = 0.2960303
└ @ Main c:\Users\GiovanniAmorim\Pessoal\Mestrado\MLUnderModernOpt\Aula1\lasso.jl:127
┌ Info: Test error = 0.0522
└ @ Main c:\Users\GiovanniAmorim\Pessoal\Mestrado\MLUnderModernOpt\Aula1\lasso.jl:142
┌ Info: Selected λ = 0.5 (14.9495786 s)
└ @ Main c:\Users\GiovanniAmorim\Pessoal\Mestrado\MLUnderModernOpt\Aula1\lasso.jl:160
┌ Info: Starting iteration | p = 1 | q = 2
└ @ Main c:\Users\GiovanniAmorim\Pessoal\Mestrado\MLUnderModernOpt\Aula1\lasso.jl:156
┌ Info: Iterating in lambda space: [0.001, 0.005, 0.01, 0.05, 0.1, 0.5, 1.0, 5.0, 10.0]
└ @ Main c:\Users\GiovanniAmorim\Pessoal\Mestrado\MLUnderModernOpt\Aula1\lasso.jl:109
┌ Info: λ = 0.001
└ @ Main c:\Users\GiovanniAmorim\Pessoal\Mestrado\MLUnderModernOpt\Aula1\lasso.jl:111
┌ Info: T_lasso(s) = 0.2926244
└ @ Main c:\Users\GiovanniAmorim\Pessoal\Mestrado\MLUnderModernOpt\Aula1\lasso.jl:127
┌ Info: T_lasso(s) = 0.268757
└ @ Main c:\Users\GiovanniAmorim\Pessoal\Mestrado\MLUnderModernOpt\Aula1\lasso.jl:127
┌ Info: T_lasso(s) = 0.304191
└ @ Main c:\Users\GiovanniAmorim\Pessoal\Mestrado\MLUnderModernOpt\Aula1\lasso.jl:127
┌ Info: T_lasso(s) = 0.3201205
└ @ Main c:\Users\GiovanniAmorim\Pessoal\Mestrado\MLUnderModernOpt\Aula1\lasso.jl:127
┌ Info: T_lasso(s) = 0.3001791
└ @ Main c:\Users\GiovanniAmorim\Pessoal\Mestrado\MLUnderModernOpt\Aula1\lasso.jl:127
┌ Info: Test error = 0.052
└ @ Main c:\Users\GiovanniAmorim\Pessoal\Mestrado\MLUnderModernOpt\Aula1\lasso.jl:142
┌ Info: λ = 0.005
└ @ Main c:\Users\GiovanniAmorim\Pessoal\Mestrado\MLUnderModernOpt\Aula1\lasso.jl:111
┌ Info: T_lasso(s) = 0.3375303
└ @ Main c:\Users\GiovanniAmorim\Pessoal\Mestrado\MLUnderModernOpt\Aula1\lasso.jl:127
┌ Info: T_lasso(s) = 0.3046009
└ @ Main c:\Users\GiovanniAmorim\Pessoal\Mestrado\MLUnderModernOpt\Aula1\lasso.jl:127
┌ Info: T_lasso(s) = 0.3341402
└ @ Main c:\Users\GiovanniAmorim\Pessoal\Mestrado\MLUnderModernOpt\Aula1\lasso.jl:127
┌ Info: T_lasso(s) = 0.2931787
└ @ Main c:\Users\GiovanniAmorim\Pessoal\Mestrado\MLUnderModernOpt\Aula1\lasso.jl:127
┌ Info: T_lasso(s) = 0.3083849
└ @ Main c:\Users\GiovanniAmorim\Pessoal\Mestrado\MLUnderModernOpt\Aula1\lasso.jl:127
┌ Info: Test error = 0.052
└ @ Main c:\Users\GiovanniAmorim\Pessoal\Mestrado\MLUnderModernOpt\Aula1\lasso.jl:142
┌ Info: λ = 0.01
└ @ Main c:\Users\GiovanniAmorim\Pessoal\Mestrado\MLUnderModernOpt\Aula1\lasso.jl:111
┌ Info: T_lasso(s) = 0.3400978
└ @ Main c:\Users\GiovanniAmorim\Pessoal\Mestrado\MLUnderModernOpt\Aula1\lasso.jl:127
┌ Info: T_lasso(s) = 0.293159
└ @ Main c:\Users\GiovanniAmorim\Pessoal\Mestrado\MLUnderModernOpt\Aula1\lasso.jl:127
┌ Info: T_lasso(s) = 0.3310837
└ @ Main c:\Users\GiovanniAmorim\Pessoal\Mestrado\MLUnderModernOpt\Aula1\lasso.jl:127
┌ Info: T_lasso(s) = 0.2982059
└ @ Main c:\Users\GiovanniAmorim\Pessoal\Mestrado\MLUnderModernOpt\Aula1\lasso.jl:127
┌ Info: T_lasso(s) = 0.3447528
└ @ Main c:\Users\GiovanniAmorim\Pessoal\Mestrado\MLUnderModernOpt\Aula1\lasso.jl:127
┌ Info: Test error = 0.052
└ @ Main c:\Users\GiovanniAmorim\Pessoal\Mestrado\MLUnderModernOpt\Aula1\lasso.jl:142
┌ Info: λ = 0.05
└ @ Main c:\Users\GiovanniAmorim\Pessoal\Mestrado\MLUnderModernOpt\Aula1\lasso.jl:111
┌ Info: T_lasso(s) = 0.2966584
└ @ Main c:\Users\GiovanniAmorim\Pessoal\Mestrado\MLUnderModernOpt\Aula1\lasso.jl:127
┌ Info: T_lasso(s) = 0.3115846
└ @ Main c:\Users\GiovanniAmorim\Pessoal\Mestrado\MLUnderModernOpt\Aula1\lasso.jl:127
┌ Info: T_lasso(s) = 0.3729729
└ @ Main c:\Users\GiovanniAmorim\Pessoal\Mestrado\MLUnderModernOpt\Aula1\lasso.jl:127
┌ Info: T_lasso(s) = 0.3465199
└ @ Main c:\Users\GiovanniAmorim\Pessoal\Mestrado\MLUnderModernOpt\Aula1\lasso.jl:127
┌ Info: T_lasso(s) = 0.3546557
└ @ Main c:\Users\GiovanniAmorim\Pessoal\Mestrado\MLUnderModernOpt\Aula1\lasso.jl:127
┌ Info: Test error = 0.052
└ @ Main c:\Users\GiovanniAmorim\Pessoal\Mestrado\MLUnderModernOpt\Aula1\lasso.jl:142
┌ Info: λ = 0.1
└ @ Main c:\Users\GiovanniAmorim\Pessoal\Mestrado\MLUnderModernOpt\Aula1\lasso.jl:111
┌ Info: T_lasso(s) = 0.3290846
└ @ Main c:\Users\GiovanniAmorim\Pessoal\Mestrado\MLUnderModernOpt\Aula1\lasso.jl:127
┌ Info: T_lasso(s) = 0.3302067
└ @ Main c:\Users\GiovanniAmorim\Pessoal\Mestrado\MLUnderModernOpt\Aula1\lasso.jl:127
┌ Info: T_lasso(s) = 0.3591057
└ @ Main c:\Users\GiovanniAmorim\Pessoal\Mestrado\MLUnderModernOpt\Aula1\lasso.jl:127
┌ Info: T_lasso(s) = 0.3658687
└ @ Main c:\Users\GiovanniAmorim\Pessoal\Mestrado\MLUnderModernOpt\Aula1\lasso.jl:127
┌ Info: T_lasso(s) = 0.4120561
└ @ Main c:\Users\GiovanniAmorim\Pessoal\Mestrado\MLUnderModernOpt\Aula1\lasso.jl:127
┌ Info: Test error = 0.0519
└ @ Main c:\Users\GiovanniAmorim\Pessoal\Mestrado\MLUnderModernOpt\Aula1\lasso.jl:142
┌ Info: λ = 0.5
└ @ Main c:\Users\GiovanniAmorim\Pessoal\Mestrado\MLUnderModernOpt\Aula1\lasso.jl:111
┌ Info: T_lasso(s) = 0.382673
└ @ Main c:\Users\GiovanniAmorim\Pessoal\Mestrado\MLUnderModernOpt\Aula1\lasso.jl:127
┌ Info: T_lasso(s) = 0.5670542
└ @ Main c:\Users\GiovanniAmorim\Pessoal\Mestrado\MLUnderModernOpt\Aula1\lasso.jl:127
┌ Info: T_lasso(s) = 0.3764629
└ @ Main c:\Users\GiovanniAmorim\Pessoal\Mestrado\MLUnderModernOpt\Aula1\lasso.jl:127
┌ Info: T_lasso(s) = 0.420168
└ @ Main c:\Users\GiovanniAmorim\Pessoal\Mestrado\MLUnderModernOpt\Aula1\lasso.jl:127
┌ Info: T_lasso(s) = 0.4019803
└ @ Main c:\Users\GiovanniAmorim\Pessoal\Mestrado\MLUnderModernOpt\Aula1\lasso.jl:127
┌ Info: Test error = 0.0519
└ @ Main c:\Users\GiovanniAmorim\Pessoal\Mestrado\MLUnderModernOpt\Aula1\lasso.jl:142
┌ Info: λ = 1.0
└ @ Main c:\Users\GiovanniAmorim\Pessoal\Mestrado\MLUnderModernOpt\Aula1\lasso.jl:111
┌ Info: T_lasso(s) = 0.4480872
└ @ Main c:\Users\GiovanniAmorim\Pessoal\Mestrado\MLUnderModernOpt\Aula1\lasso.jl:127
┌ Info: T_lasso(s) = 0.4894492
└ @ Main c:\Users\GiovanniAmorim\Pessoal\Mestrado\MLUnderModernOpt\Aula1\lasso.jl:127
┌ Info: T_lasso(s) = 0.3616269
└ @ Main c:\Users\GiovanniAmorim\Pessoal\Mestrado\MLUnderModernOpt\Aula1\lasso.jl:127
┌ Info: T_lasso(s) = 0.4401819
└ @ Main c:\Users\GiovanniAmorim\Pessoal\Mestrado\MLUnderModernOpt\Aula1\lasso.jl:127
┌ Info: T_lasso(s) = 0.421136
└ @ Main c:\Users\GiovanniAmorim\Pessoal\Mestrado\MLUnderModernOpt\Aula1\lasso.jl:127
┌ Info: Test error = 0.0519
└ @ Main c:\Users\GiovanniAmorim\Pessoal\Mestrado\MLUnderModernOpt\Aula1\lasso.jl:142
┌ Info: λ = 5.0
└ @ Main c:\Users\GiovanniAmorim\Pessoal\Mestrado\MLUnderModernOpt\Aula1\lasso.jl:111
┌ Info: T_lasso(s) = 0.7185687
└ @ Main c:\Users\GiovanniAmorim\Pessoal\Mestrado\MLUnderModernOpt\Aula1\lasso.jl:127
┌ Info: T_lasso(s) = 0.5506745
└ @ Main c:\Users\GiovanniAmorim\Pessoal\Mestrado\MLUnderModernOpt\Aula1\lasso.jl:127
┌ Info: T_lasso(s) = 0.5401142
└ @ Main c:\Users\GiovanniAmorim\Pessoal\Mestrado\MLUnderModernOpt\Aula1\lasso.jl:127
┌ Info: T_lasso(s) = 0.6025145
└ @ Main c:\Users\GiovanniAmorim\Pessoal\Mestrado\MLUnderModernOpt\Aula1\lasso.jl:127
┌ Info: T_lasso(s) = 0.5952556
└ @ Main c:\Users\GiovanniAmorim\Pessoal\Mestrado\MLUnderModernOpt\Aula1\lasso.jl:127
┌ Info: Test error = 0.0519
└ @ Main c:\Users\GiovanniAmorim\Pessoal\Mestrado\MLUnderModernOpt\Aula1\lasso.jl:142
┌ Info: λ = 10.0
└ @ Main c:\Users\GiovanniAmorim\Pessoal\Mestrado\MLUnderModernOpt\Aula1\lasso.jl:111
┌ Info: T_lasso(s) = 0.5877767
└ @ Main c:\Users\GiovanniAmorim\Pessoal\Mestrado\MLUnderModernOpt\Aula1\lasso.jl:127
┌ Info: T_lasso(s) = 0.3876768
└ @ Main c:\Users\GiovanniAmorim\Pessoal\Mestrado\MLUnderModernOpt\Aula1\lasso.jl:127
┌ Info: T_lasso(s) = 0.4046781
└ @ Main c:\Users\GiovanniAmorim\Pessoal\Mestrado\MLUnderModernOpt\Aula1\lasso.jl:127
┌ Info: T_lasso(s) = 0.428595
└ @ Main c:\Users\GiovanniAmorim\Pessoal\Mestrado\MLUnderModernOpt\Aula1\lasso.jl:127
┌ Info: T_lasso(s) = 0.404226
└ @ Main c:\Users\GiovanniAmorim\Pessoal\Mestrado\MLUnderModernOpt\Aula1\lasso.jl:127
┌ Info: Test error = 0.052
└ @ Main c:\Users\GiovanniAmorim\Pessoal\Mestrado\MLUnderModernOpt\Aula1\lasso.jl:142
┌ Info: Selected λ = 1.0 (18.5656572 s)
└ @ Main c:\Users\GiovanniAmorim\Pessoal\Mestrado\MLUnderModernOpt\Aula1\lasso.jl:160
┌ Info: Starting iteration | p = 2 | q = 1
└ @ Main c:\Users\GiovanniAmorim\Pessoal\Mestrado\MLUnderModernOpt\Aula1\lasso.jl:156
┌ Info: Iterating in lambda space: [0.001, 0.005, 0.01, 0.05, 0.1, 0.5, 1.0, 5.0, 10.0]
└ @ Main c:\Users\GiovanniAmorim\Pessoal\Mestrado\MLUnderModernOpt\Aula1\lasso.jl:109
┌ Info: λ = 0.001
└ @ Main c:\Users\GiovanniAmorim\Pessoal\Mestrado\MLUnderModernOpt\Aula1\lasso.jl:111
┌ Info: T_lasso(s) = 0.6079411
└ @ Main c:\Users\GiovanniAmorim\Pessoal\Mestrado\MLUnderModernOpt\Aula1\lasso.jl:127
┌ Info: T_lasso(s) = 0.5139095
└ @ Main c:\Users\GiovanniAmorim\Pessoal\Mestrado\MLUnderModernOpt\Aula1\lasso.jl:127
┌ Info: T_lasso(s) = 0.4933302
└ @ Main c:\Users\GiovanniAmorim\Pessoal\Mestrado\MLUnderModernOpt\Aula1\lasso.jl:127
┌ Info: T_lasso(s) = 0.4705849
└ @ Main c:\Users\GiovanniAmorim\Pessoal\Mestrado\MLUnderModernOpt\Aula1\lasso.jl:127
┌ Info: T_lasso(s) = 0.4658089
└ @ Main c:\Users\GiovanniAmorim\Pessoal\Mestrado\MLUnderModernOpt\Aula1\lasso.jl:127
┌ Info: Test error = 0.0309
└ @ Main c:\Users\GiovanniAmorim\Pessoal\Mestrado\MLUnderModernOpt\Aula1\lasso.jl:142
┌ Info: λ = 0.005
└ @ Main c:\Users\GiovanniAmorim\Pessoal\Mestrado\MLUnderModernOpt\Aula1\lasso.jl:111
┌ Info: T_lasso(s) = 0.5294862
└ @ Main c:\Users\GiovanniAmorim\Pessoal\Mestrado\MLUnderModernOpt\Aula1\lasso.jl:127
┌ Info: T_lasso(s) = 0.5503761
└ @ Main c:\Users\GiovanniAmorim\Pessoal\Mestrado\MLUnderModernOpt\Aula1\lasso.jl:127
┌ Info: T_lasso(s) = 0.4880881
└ @ Main c:\Users\GiovanniAmorim\Pessoal\Mestrado\MLUnderModernOpt\Aula1\lasso.jl:127
┌ Info: T_lasso(s) = 0.4520087
└ @ Main c:\Users\GiovanniAmorim\Pessoal\Mestrado\MLUnderModernOpt\Aula1\lasso.jl:127
┌ Info: T_lasso(s) = 0.4394075
└ @ Main c:\Users\GiovanniAmorim\Pessoal\Mestrado\MLUnderModernOpt\Aula1\lasso.jl:127
┌ Info: Test error = 0.0309
└ @ Main c:\Users\GiovanniAmorim\Pessoal\Mestrado\MLUnderModernOpt\Aula1\lasso.jl:142
┌ Info: λ = 0.01
└ @ Main c:\Users\GiovanniAmorim\Pessoal\Mestrado\MLUnderModernOpt\Aula1\lasso.jl:111
┌ Info: T_lasso(s) = 0.5194741
└ @ Main c:\Users\GiovanniAmorim\Pessoal\Mestrado\MLUnderModernOpt\Aula1\lasso.jl:127
┌ Info: T_lasso(s) = 0.4677432
└ @ Main c:\Users\GiovanniAmorim\Pessoal\Mestrado\MLUnderModernOpt\Aula1\lasso.jl:127
┌ Info: T_lasso(s) = 0.4948986
└ @ Main c:\Users\GiovanniAmorim\Pessoal\Mestrado\MLUnderModernOpt\Aula1\lasso.jl:127
┌ Info: T_lasso(s) = 0.4295787
└ @ Main c:\Users\GiovanniAmorim\Pessoal\Mestrado\MLUnderModernOpt\Aula1\lasso.jl:127
┌ Info: T_lasso(s) = 0.4677197
└ @ Main c:\Users\GiovanniAmorim\Pessoal\Mestrado\MLUnderModernOpt\Aula1\lasso.jl:127
┌ Info: Test error = 0.0309
└ @ Main c:\Users\GiovanniAmorim\Pessoal\Mestrado\MLUnderModernOpt\Aula1\lasso.jl:142
┌ Info: λ = 0.05
└ @ Main c:\Users\GiovanniAmorim\Pessoal\Mestrado\MLUnderModernOpt\Aula1\lasso.jl:111
┌ Info: T_lasso(s) = 0.4386035
└ @ Main c:\Users\GiovanniAmorim\Pessoal\Mestrado\MLUnderModernOpt\Aula1\lasso.jl:127
┌ Info: T_lasso(s) = 0.4858952
└ @ Main c:\Users\GiovanniAmorim\Pessoal\Mestrado\MLUnderModernOpt\Aula1\lasso.jl:127
┌ Info: T_lasso(s) = 0.4701223
└ @ Main c:\Users\GiovanniAmorim\Pessoal\Mestrado\MLUnderModernOpt\Aula1\lasso.jl:127
┌ Info: T_lasso(s) = 0.4777107
└ @ Main c:\Users\GiovanniAmorim\Pessoal\Mestrado\MLUnderModernOpt\Aula1\lasso.jl:127
┌ Info: T_lasso(s) = 0.459861
└ @ Main c:\Users\GiovanniAmorim\Pessoal\Mestrado\MLUnderModernOpt\Aula1\lasso.jl:127
┌ Info: Test error = 0.0308
└ @ Main c:\Users\GiovanniAmorim\Pessoal\Mestrado\MLUnderModernOpt\Aula1\lasso.jl:142
┌ Info: λ = 0.1
└ @ Main c:\Users\GiovanniAmorim\Pessoal\Mestrado\MLUnderModernOpt\Aula1\lasso.jl:111
┌ Info: T_lasso(s) = 0.4755534
└ @ Main c:\Users\GiovanniAmorim\Pessoal\Mestrado\MLUnderModernOpt\Aula1\lasso.jl:127
┌ Info: T_lasso(s) = 0.4924377
└ @ Main c:\Users\GiovanniAmorim\Pessoal\Mestrado\MLUnderModernOpt\Aula1\lasso.jl:127
┌ Info: T_lasso(s) = 0.5193019
└ @ Main c:\Users\GiovanniAmorim\Pessoal\Mestrado\MLUnderModernOpt\Aula1\lasso.jl:127
┌ Info: T_lasso(s) = 0.5205649
└ @ Main c:\Users\GiovanniAmorim\Pessoal\Mestrado\MLUnderModernOpt\Aula1\lasso.jl:127
┌ Info: T_lasso(s) = 0.4850929
└ @ Main c:\Users\GiovanniAmorim\Pessoal\Mestrado\MLUnderModernOpt\Aula1\lasso.jl:127
┌ Info: Test error = 0.0307
└ @ Main c:\Users\GiovanniAmorim\Pessoal\Mestrado\MLUnderModernOpt\Aula1\lasso.jl:142
┌ Info: λ = 0.5
└ @ Main c:\Users\GiovanniAmorim\Pessoal\Mestrado\MLUnderModernOpt\Aula1\lasso.jl:111
┌ Info: T_lasso(s) = 0.4498622
└ @ Main c:\Users\GiovanniAmorim\Pessoal\Mestrado\MLUnderModernOpt\Aula1\lasso.jl:127
┌ Info: T_lasso(s) = 0.4422716
└ @ Main c:\Users\GiovanniAmorim\Pessoal\Mestrado\MLUnderModernOpt\Aula1\lasso.jl:127
┌ Info: T_lasso(s) = 0.4482985
└ @ Main c:\Users\GiovanniAmorim\Pessoal\Mestrado\MLUnderModernOpt\Aula1\lasso.jl:127
┌ Info: T_lasso(s) = 0.4581212
└ @ Main c:\Users\GiovanniAmorim\Pessoal\Mestrado\MLUnderModernOpt\Aula1\lasso.jl:127
┌ Info: T_lasso(s) = 0.4692167
└ @ Main c:\Users\GiovanniAmorim\Pessoal\Mestrado\MLUnderModernOpt\Aula1\lasso.jl:127
┌ Info: Test error = 0.0302
└ @ Main c:\Users\GiovanniAmorim\Pessoal\Mestrado\MLUnderModernOpt\Aula1\lasso.jl:142
┌ Info: λ = 1.0
└ @ Main c:\Users\GiovanniAmorim\Pessoal\Mestrado\MLUnderModernOpt\Aula1\lasso.jl:111
┌ Info: T_lasso(s) = 0.5145905
└ @ Main c:\Users\GiovanniAmorim\Pessoal\Mestrado\MLUnderModernOpt\Aula1\lasso.jl:127
┌ Info: T_lasso(s) = 0.4676444
└ @ Main c:\Users\GiovanniAmorim\Pessoal\Mestrado\MLUnderModernOpt\Aula1\lasso.jl:127
┌ Info: T_lasso(s) = 0.4464907
└ @ Main c:\Users\GiovanniAmorim\Pessoal\Mestrado\MLUnderModernOpt\Aula1\lasso.jl:127
┌ Info: T_lasso(s) = 0.4709309
└ @ Main c:\Users\GiovanniAmorim\Pessoal\Mestrado\MLUnderModernOpt\Aula1\lasso.jl:127
┌ Info: T_lasso(s) = 0.4800176
└ @ Main c:\Users\GiovanniAmorim\Pessoal\Mestrado\MLUnderModernOpt\Aula1\lasso.jl:127
┌ Info: Test error = 0.0297
└ @ Main c:\Users\GiovanniAmorim\Pessoal\Mestrado\MLUnderModernOpt\Aula1\lasso.jl:142
┌ Info: λ = 5.0
└ @ Main c:\Users\GiovanniAmorim\Pessoal\Mestrado\MLUnderModernOpt\Aula1\lasso.jl:111
┌ Info: T_lasso(s) = 0.5353729
└ @ Main c:\Users\GiovanniAmorim\Pessoal\Mestrado\MLUnderModernOpt\Aula1\lasso.jl:127
┌ Info: T_lasso(s) = 0.516812
└ @ Main c:\Users\GiovanniAmorim\Pessoal\Mestrado\MLUnderModernOpt\Aula1\lasso.jl:127
┌ Info: T_lasso(s) = 0.5451423
└ @ Main c:\Users\GiovanniAmorim\Pessoal\Mestrado\MLUnderModernOpt\Aula1\lasso.jl:127
┌ Info: T_lasso(s) = 0.4763507
└ @ Main c:\Users\GiovanniAmorim\Pessoal\Mestrado\MLUnderModernOpt\Aula1\lasso.jl:127
┌ Info: T_lasso(s) = 0.4602841
└ @ Main c:\Users\GiovanniAmorim\Pessoal\Mestrado\MLUnderModernOpt\Aula1\lasso.jl:127
┌ Info: Test error = 0.0283
└ @ Main c:\Users\GiovanniAmorim\Pessoal\Mestrado\MLUnderModernOpt\Aula1\lasso.jl:142
┌ Info: λ = 10.0
└ @ Main c:\Users\GiovanniAmorim\Pessoal\Mestrado\MLUnderModernOpt\Aula1\lasso.jl:111
┌ Info: T_lasso(s) = 0.4583305
└ @ Main c:\Users\GiovanniAmorim\Pessoal\Mestrado\MLUnderModernOpt\Aula1\lasso.jl:127
┌ Info: T_lasso(s) = 0.4819623
└ @ Main c:\Users\GiovanniAmorim\Pessoal\Mestrado\MLUnderModernOpt\Aula1\lasso.jl:127
┌ Info: T_lasso(s) = 0.5818195
└ @ Main c:\Users\GiovanniAmorim\Pessoal\Mestrado\MLUnderModernOpt\Aula1\lasso.jl:127
┌ Info: T_lasso(s) = 0.5043028
└ @ Main c:\Users\GiovanniAmorim\Pessoal\Mestrado\MLUnderModernOpt\Aula1\lasso.jl:127
┌ Info: T_lasso(s) = 0.4371616
└ @ Main c:\Users\GiovanniAmorim\Pessoal\Mestrado\MLUnderModernOpt\Aula1\lasso.jl:127
┌ Info: Test error = 0.0285
└ @ Main c:\Users\GiovanniAmorim\Pessoal\Mestrado\MLUnderModernOpt\Aula1\lasso.jl:142
┌ Info: Selected λ = 5.0 (22.5927842 s)
└ @ Main c:\Users\GiovanniAmorim\Pessoal\Mestrado\MLUnderModernOpt\Aula1\lasso.jl:160
┌ Info: Starting iteration | p = 2 | q = 2
└ @ Main c:\Users\GiovanniAmorim\Pessoal\Mestrado\MLUnderModernOpt\Aula1\lasso.jl:156
┌ Info: Iterating in lambda space: [0.001, 0.005, 0.01, 0.05, 0.1, 0.5, 1.0, 5.0, 10.0]
└ @ Main c:\Users\GiovanniAmorim\Pessoal\Mestrado\MLUnderModernOpt\Aula1\lasso.jl:109
┌ Info: λ = 0.001
└ @ Main c:\Users\GiovanniAmorim\Pessoal\Mestrado\MLUnderModernOpt\Aula1\lasso.jl:111
┌ Info: T_lasso(s) = 0.4438583
└ @ Main c:\Users\GiovanniAmorim\Pessoal\Mestrado\MLUnderModernOpt\Aula1\lasso.jl:127
┌ Info: T_lasso(s) = 0.4462778
└ @ Main c:\Users\GiovanniAmorim\Pessoal\Mestrado\MLUnderModernOpt\Aula1\lasso.jl:127
┌ Info: T_lasso(s) = 0.5710438
└ @ Main c:\Users\GiovanniAmorim\Pessoal\Mestrado\MLUnderModernOpt\Aula1\lasso.jl:127
┌ Info: T_lasso(s) = 0.5567315
└ @ Main c:\Users\GiovanniAmorim\Pessoal\Mestrado\MLUnderModernOpt\Aula1\lasso.jl:127
┌ Info: T_lasso(s) = 0.716841
└ @ Main c:\Users\GiovanniAmorim\Pessoal\Mestrado\MLUnderModernOpt\Aula1\lasso.jl:127
┌ Info: Test error = 0.0309
└ @ Main c:\Users\GiovanniAmorim\Pessoal\Mestrado\MLUnderModernOpt\Aula1\lasso.jl:142
┌ Info: λ = 0.005
└ @ Main c:\Users\GiovanniAmorim\Pessoal\Mestrado\MLUnderModernOpt\Aula1\lasso.jl:111
┌ Info: T_lasso(s) = 0.5430366
└ @ Main c:\Users\GiovanniAmorim\Pessoal\Mestrado\MLUnderModernOpt\Aula1\lasso.jl:127
┌ Info: T_lasso(s) = 0.5144975
└ @ Main c:\Users\GiovanniAmorim\Pessoal\Mestrado\MLUnderModernOpt\Aula1\lasso.jl:127
┌ Info: T_lasso(s) = 0.4719651
└ @ Main c:\Users\GiovanniAmorim\Pessoal\Mestrado\MLUnderModernOpt\Aula1\lasso.jl:127
┌ Info: T_lasso(s) = 0.4749519
└ @ Main c:\Users\GiovanniAmorim\Pessoal\Mestrado\MLUnderModernOpt\Aula1\lasso.jl:127
┌ Info: T_lasso(s) = 0.4548135
└ @ Main c:\Users\GiovanniAmorim\Pessoal\Mestrado\MLUnderModernOpt\Aula1\lasso.jl:127
┌ Info: Test error = 0.0309
└ @ Main c:\Users\GiovanniAmorim\Pessoal\Mestrado\MLUnderModernOpt\Aula1\lasso.jl:142
┌ Info: λ = 0.01
└ @ Main c:\Users\GiovanniAmorim\Pessoal\Mestrado\MLUnderModernOpt\Aula1\lasso.jl:111
┌ Info: T_lasso(s) = 0.4953496
└ @ Main c:\Users\GiovanniAmorim\Pessoal\Mestrado\MLUnderModernOpt\Aula1\lasso.jl:127
┌ Info: T_lasso(s) = 0.4843287
└ @ Main c:\Users\GiovanniAmorim\Pessoal\Mestrado\MLUnderModernOpt\Aula1\lasso.jl:127
┌ Info: T_lasso(s) = 0.4932568
└ @ Main c:\Users\GiovanniAmorim\Pessoal\Mestrado\MLUnderModernOpt\Aula1\lasso.jl:127
┌ Info: T_lasso(s) = 0.4636072
└ @ Main c:\Users\GiovanniAmorim\Pessoal\Mestrado\MLUnderModernOpt\Aula1\lasso.jl:127
┌ Info: T_lasso(s) = 0.4782457
└ @ Main c:\Users\GiovanniAmorim\Pessoal\Mestrado\MLUnderModernOpt\Aula1\lasso.jl:127
┌ Info: Test error = 0.0309
└ @ Main c:\Users\GiovanniAmorim\Pessoal\Mestrado\MLUnderModernOpt\Aula1\lasso.jl:142
┌ Info: λ = 0.05
└ @ Main c:\Users\GiovanniAmorim\Pessoal\Mestrado\MLUnderModernOpt\Aula1\lasso.jl:111
┌ Info: T_lasso(s) = 0.472412
└ @ Main c:\Users\GiovanniAmorim\Pessoal\Mestrado\MLUnderModernOpt\Aula1\lasso.jl:127
┌ Info: T_lasso(s) = 0.5128096
└ @ Main c:\Users\GiovanniAmorim\Pessoal\Mestrado\MLUnderModernOpt\Aula1\lasso.jl:127
┌ Info: T_lasso(s) = 0.4843328
└ @ Main c:\Users\GiovanniAmorim\Pessoal\Mestrado\MLUnderModernOpt\Aula1\lasso.jl:127
┌ Info: T_lasso(s) = 0.4540746
└ @ Main c:\Users\GiovanniAmorim\Pessoal\Mestrado\MLUnderModernOpt\Aula1\lasso.jl:127
┌ Info: T_lasso(s) = 0.4716602
└ @ Main c:\Users\GiovanniAmorim\Pessoal\Mestrado\MLUnderModernOpt\Aula1\lasso.jl:127
┌ Info: Test error = 0.0308
└ @ Main c:\Users\GiovanniAmorim\Pessoal\Mestrado\MLUnderModernOpt\Aula1\lasso.jl:142
┌ Info: λ = 0.1
└ @ Main c:\Users\GiovanniAmorim\Pessoal\Mestrado\MLUnderModernOpt\Aula1\lasso.jl:111
┌ Info: T_lasso(s) = 0.4468492
└ @ Main c:\Users\GiovanniAmorim\Pessoal\Mestrado\MLUnderModernOpt\Aula1\lasso.jl:127
┌ Info: T_lasso(s) = 0.4581108
└ @ Main c:\Users\GiovanniAmorim\Pessoal\Mestrado\MLUnderModernOpt\Aula1\lasso.jl:127
┌ Info: T_lasso(s) = 0.4873518
└ @ Main c:\Users\GiovanniAmorim\Pessoal\Mestrado\MLUnderModernOpt\Aula1\lasso.jl:127
┌ Info: T_lasso(s) = 0.6101458
└ @ Main c:\Users\GiovanniAmorim\Pessoal\Mestrado\MLUnderModernOpt\Aula1\lasso.jl:127
┌ Info: T_lasso(s) = 0.6237015
└ @ Main c:\Users\GiovanniAmorim\Pessoal\Mestrado\MLUnderModernOpt\Aula1\lasso.jl:127
┌ Info: Test error = 0.0307
└ @ Main c:\Users\GiovanniAmorim\Pessoal\Mestrado\MLUnderModernOpt\Aula1\lasso.jl:142
┌ Info: λ = 0.5
└ @ Main c:\Users\GiovanniAmorim\Pessoal\Mestrado\MLUnderModernOpt\Aula1\lasso.jl:111
┌ Info: T_lasso(s) = 0.5959775
└ @ Main c:\Users\GiovanniAmorim\Pessoal\Mestrado\MLUnderModernOpt\Aula1\lasso.jl:127
┌ Info: T_lasso(s) = 0.5733579
└ @ Main c:\Users\GiovanniAmorim\Pessoal\Mestrado\MLUnderModernOpt\Aula1\lasso.jl:127
┌ Info: T_lasso(s) = 0.4695956
└ @ Main c:\Users\GiovanniAmorim\Pessoal\Mestrado\MLUnderModernOpt\Aula1\lasso.jl:127
┌ Info: T_lasso(s) = 0.4520177
└ @ Main c:\Users\GiovanniAmorim\Pessoal\Mestrado\MLUnderModernOpt\Aula1\lasso.jl:127
┌ Info: T_lasso(s) = 0.4832942
└ @ Main c:\Users\GiovanniAmorim\Pessoal\Mestrado\MLUnderModernOpt\Aula1\lasso.jl:127
┌ Info: Test error = 0.0302
└ @ Main c:\Users\GiovanniAmorim\Pessoal\Mestrado\MLUnderModernOpt\Aula1\lasso.jl:142
┌ Info: λ = 1.0
└ @ Main c:\Users\GiovanniAmorim\Pessoal\Mestrado\MLUnderModernOpt\Aula1\lasso.jl:111
┌ Info: T_lasso(s) = 0.46534
└ @ Main c:\Users\GiovanniAmorim\Pessoal\Mestrado\MLUnderModernOpt\Aula1\lasso.jl:127
┌ Info: T_lasso(s) = 0.4268997
└ @ Main c:\Users\GiovanniAmorim\Pessoal\Mestrado\MLUnderModernOpt\Aula1\lasso.jl:127
┌ Info: T_lasso(s) = 0.4301346
└ @ Main c:\Users\GiovanniAmorim\Pessoal\Mestrado\MLUnderModernOpt\Aula1\lasso.jl:127
┌ Info: T_lasso(s) = 0.4121529
└ @ Main c:\Users\GiovanniAmorim\Pessoal\Mestrado\MLUnderModernOpt\Aula1\lasso.jl:127
┌ Info: T_lasso(s) = 0.4311464
└ @ Main c:\Users\GiovanniAmorim\Pessoal\Mestrado\MLUnderModernOpt\Aula1\lasso.jl:127
┌ Info: Test error = 0.0297
└ @ Main c:\Users\GiovanniAmorim\Pessoal\Mestrado\MLUnderModernOpt\Aula1\lasso.jl:142
┌ Info: λ = 5.0
└ @ Main c:\Users\GiovanniAmorim\Pessoal\Mestrado\MLUnderModernOpt\Aula1\lasso.jl:111
┌ Info: T_lasso(s) = 0.4677437
└ @ Main c:\Users\GiovanniAmorim\Pessoal\Mestrado\MLUnderModernOpt\Aula1\lasso.jl:127
┌ Info: T_lasso(s) = 0.4255533
└ @ Main c:\Users\GiovanniAmorim\Pessoal\Mestrado\MLUnderModernOpt\Aula1\lasso.jl:127
┌ Info: T_lasso(s) = 0.4504358
└ @ Main c:\Users\GiovanniAmorim\Pessoal\Mestrado\MLUnderModernOpt\Aula1\lasso.jl:127
┌ Info: T_lasso(s) = 0.4106896
└ @ Main c:\Users\GiovanniAmorim\Pessoal\Mestrado\MLUnderModernOpt\Aula1\lasso.jl:127
┌ Info: T_lasso(s) = 0.4295805
└ @ Main c:\Users\GiovanniAmorim\Pessoal\Mestrado\MLUnderModernOpt\Aula1\lasso.jl:127
┌ Info: Test error = 0.028
└ @ Main c:\Users\GiovanniAmorim\Pessoal\Mestrado\MLUnderModernOpt\Aula1\lasso.jl:142
┌ Info: λ = 10.0
└ @ Main c:\Users\GiovanniAmorim\Pessoal\Mestrado\MLUnderModernOpt\Aula1\lasso.jl:111
┌ Info: T_lasso(s) = 0.4558583
└ @ Main c:\Users\GiovanniAmorim\Pessoal\Mestrado\MLUnderModernOpt\Aula1\lasso.jl:127
┌ Info: T_lasso(s) = 0.4505911
└ @ Main c:\Users\GiovanniAmorim\Pessoal\Mestrado\MLUnderModernOpt\Aula1\lasso.jl:127
┌ Info: T_lasso(s) = 0.4184218
└ @ Main c:\Users\GiovanniAmorim\Pessoal\Mestrado\MLUnderModernOpt\Aula1\lasso.jl:127
┌ Info: T_lasso(s) = 0.4148256
└ @ Main c:\Users\GiovanniAmorim\Pessoal\Mestrado\MLUnderModernOpt\Aula1\lasso.jl:127
┌ Info: T_lasso(s) = 0.4107914
└ @ Main c:\Users\GiovanniAmorim\Pessoal\Mestrado\MLUnderModernOpt\Aula1\lasso.jl:127
┌ Info: Test error = 0.0275
└ @ Main c:\Users\GiovanniAmorim\Pessoal\Mestrado\MLUnderModernOpt\Aula1\lasso.jl:142
┌ Info: Selected λ = 10.0 (22.4096368 s)
└ @ Main c:\Users\GiovanniAmorim\Pessoal\Mestrado\MLUnderModernOpt\Aula1\lasso.jl:160
